app/build/intermediates/manifest_merge_blame_file/debug/manifest-merger-blame-debug-report.txt
1<?xml version="1.0" encoding="utf-8"?>
2<manifest xmlns:android="http://schemas.android.com/apk/res/android"
3    package="ru.harlion.curtainspb"
4    android:versionCode="1"
5    android:versionName="1.0" >
6
7    <uses-sdk
8        android:minSdkVersion="21"
8-->src/main/AndroidManifest.xml
9        android:targetSdkVersion="29" />
9-->src/main/AndroidManifest.xml
10
11    <uses-permission android:name="android.permission.WRITE_EXTERNAL_STORAGE" />
11-->src/main/AndroidManifest.xml:6:5-8:40
11-->src/main/AndroidManifest.xml:7:9-65
12    <uses-permission android:name="android.permission.READ_EXTERNAL_STORAGE" />
12-->src/main/AndroidManifest.xml:9:5-80
12-->src/main/AndroidManifest.xml:9:22-77
13    <uses-permission android:name="android.permission.INTERNET" />
13-->src/main/AndroidManifest.xml:10:5-67
13-->src/main/AndroidManifest.xml:10:22-64
14
15    <uses-feature
15-->src/main/AndroidManifest.xml:12:5-14:35
16        android:name="android.hardware.camera"
16-->src/main/AndroidManifest.xml:13:9-47
17        android:required="true" />
17-->src/main/AndroidManifest.xml:14:9-32
18
19    <application
19-->src/main/AndroidManifest.xml:16:5-30:19
20        android:allowBackup="true"
20-->src/main/AndroidManifest.xml:17:9-35
21        android:appComponentFactory="androidx.core.app.CoreComponentFactory"
21-->[androidx.core:core:1.3.2] AndroidManifest.xml:24:18-86
22        android:debuggable="true"
23        android:icon="@mipmap/ic_launcher"
23-->src/main/AndroidManifest.xml:18:9-43
24        android:label="@string/app_name"
24-->src/main/AndroidManifest.xml:19:9-41
25        android:roundIcon="@mipmap/ic_launcher_round"
25-->src/main/AndroidManifest.xml:20:9-54
26        android:supportsRtl="true"
26-->src/main/AndroidManifest.xml:21:9-35
27        android:testOnly="true"
28        android:theme="@style/Theme.CurtainSpb" >
28-->src/main/AndroidManifest.xml:22:9-48
29        <activity android:name="ru.harlion.curtainspb.MainActivity" >
29-->src/main/AndroidManifest.xml:23:9-29:20
29-->src/main/AndroidManifest.xml:23:19-47
30            <intent-filter>
30-->src/main/AndroidManifest.xml:24:13-28:29
31                <action android:name="android.intent.action.MAIN" />
31-->src/main/AndroidManifest.xml:25:17-69
31-->src/main/AndroidManifest.xml:25:25-66
32
33                <category android:name="android.intent.category.LAUNCHER" />
33-->src/main/AndroidManifest.xml:27:17-77
33-->src/main/AndroidManifest.xml:27:27-74
34            </intent-filter>
35        </activity>
36    </application>
37
38</manifest>